DATE: 2023-12-01T11:23:41 -- USER:  -- FILE:simulatedDir/dir1 -- EVENT: CREATE,ISDIR
DATE: 2023-12-01T11:23:41 -- USER:  -- FILE:simulatedDir/dir1 -- EVENT: CREATE,ISDIR
DATE: 2023-12-01T11:23:41 -- USER:  -- FILE:simulatedDir/logfile.txt -- EVENT: MODIFY
DATE: 2023-12-01T11:23:41 -- USER:  -- FILE:simulatedDir/logfile.txt -- EVENT: MODIFY
DATE: 2023-12-01T11:23:41 -- USER:  -- FILE:simulatedDir/dir2 -- EVENT: CREATE,ISDIR
DATE: 2023-12-01T11:23:41 -- USER:  -- FILE:simulatedDir/dir2 -- EVENT: CREATE,ISDIR
DATE: 2023-12-01T11:23:41 -- USER:  -- FILE:simulatedDir/logfile.txt -- EVENT: MODIFY
DATE: 2023-12-01T11:23:41 -- USER:  -- FILE:simulatedDir/logfile.txt -- EVENT: MODIFY
DATE: 2023-12-01T11:23:41 -- USER:  -- FILE:simulatedDir/dir3 -- EVENT: CREATE,ISDIR
DATE: 2023-12-01T11:23:41 -- USER:  -- FILE:simulatedDir/dir3 -- EVENT: CREATE,ISDIR
DATE: 2023-12-01T11:23:41 -- USER:  -- FILE:simulatedDir/logfile.txt -- EVENT: MODIFY
DATE: 2023-12-01T11:23:41 -- USER:  -- FILE:simulatedDir/logfile.txt -- EVENT: MODIFY
DATE: 2023-12-01T11:23:41 -- USER:  -- FILE:simulatedDir/dir4 -- EVENT: CREATE,ISDIR
DATE: 2023-12-01T11:23:41 -- USER:  -- FILE:simulatedDir/logfile.txt -- EVENT: MODIFY
DATE: 2023-12-01T11:23:41 -- USER:  -- FILE:simulatedDir/dir4 -- EVENT: CREATE,ISDIR
DATE: 2023-12-01T11:23:41 -- USER:  -- FILE:simulatedDir/logfile.txt -- EVENT: MODIFY
DATE: 2023-12-01T11:24:14 -- USER:  -- FILE:simulatedDir/dir1/3a5af772-c487-4323-8aeb-8e18653e5396.txt -- EVENT: CREATE
DATE: 2023-12-01T11:24:14 -- USER:  -- FILE:simulatedDir/dir1/3a5af772-c487-4323-8aeb-8e18653e5396.txt -- EVENT: CREATE
DATE: 2023-12-01T11:24:14 -- USER:  -- FILE:simulatedDir/dir1/3a5af772-c487-4323-8aeb-8e18653e5396.txt -- EVENT: MODIFY
DATE: 2023-12-01T11:24:14 -- USER:  -- FILE:simulatedDir/dir1/3a5af772-c487-4323-8aeb-8e18653e5396.txt -- EVENT: MODIFY
DATE: 2023-12-01T11:24:14 -- USER:  -- FILE:simulatedDir/logfile.txt -- EVENT: MODIFY
DATE: 2023-12-01T11:24:14 -- USER:  -- FILE:simulatedDir/logfile.txt -- EVENT: MODIFY
DATE: 2023-12-01T11:24:32 -- USER:  -- FILE:simulatedDir/dir3/1da0af4c-1fb3-4737-a116-db99ac032a4a.txt -- EVENT: CREATE
DATE: 2023-12-01T11:24:32 -- USER:  -- FILE:simulatedDir/dir3/1da0af4c-1fb3-4737-a116-db99ac032a4a.txt -- EVENT: CREATE
DATE: 2023-12-01T11:24:32 -- USER:  -- FILE:simulatedDir/dir3/1da0af4c-1fb3-4737-a116-db99ac032a4a.txt -- EVENT: MODIFY
DATE: 2023-12-01T11:24:32 -- USER:  -- FILE:simulatedDir/dir3/1da0af4c-1fb3-4737-a116-db99ac032a4a.txt -- EVENT: MODIFY
DATE: 2023-12-01T11:24:32 -- USER:  -- FILE:simulatedDir/logfile.txt -- EVENT: MODIFY
DATE: 2023-12-01T11:24:32 -- USER:  -- FILE:simulatedDir/logfile.txt -- EVENT: MODIFY
DATE: 2023-12-01T11:24:45 -- USER:  -- FILE:simulatedDir/possibleCovert/I -- EVENT: CREATE
DATE: 2023-12-01T11:24:45 -- USER:  -- FILE:simulatedDir/possibleCovert/I -- EVENT: CREATE
DATE: 2023-12-01T11:24:45 -- USER:  -- FILE:simulatedDir/possibleCovert/send -- EVENT: CREATE
DATE: 2023-12-01T11:24:45 -- USER:  -- FILE:simulatedDir/possibleCovert/send -- EVENT: CREATE
DATE: 2023-12-01T11:25:00 -- USER:  -- FILE:simulatedDir/possibleCovert/I -- EVENT: DELETE
DATE: 2023-12-01T11:25:00 -- USER:  -- FILE:simulatedDir/possibleCovert/I -- EVENT: DELETE
DATE: 2023-12-01T11:25:00 -- USER:  -- FILE:simulatedDir/possibleCovert/send -- EVENT: DELETE
DATE: 2023-12-01T11:25:00 -- USER:  -- FILE:simulatedDir/possibleCovert/send -- EVENT: DELETE
DATE: 2023-12-01T11:25:01 -- USER:  -- FILE:simulatedDir/possibleCovert/need -- EVENT: CREATE
DATE: 2023-12-01T11:25:01 -- USER:  -- FILE:simulatedDir/possibleCovert/need -- EVENT: CREATE
DATE: 2023-12-01T11:25:01 -- USER:  -- FILE:simulatedDir/possibleCovert/send -- EVENT: CREATE
DATE: 2023-12-01T11:25:01 -- USER:  -- FILE:simulatedDir/possibleCovert/send -- EVENT: CREATE
DATE: 2023-12-01T11:25:01 -- USER:  -- FILE:simulatedDir/possibleCovert/need -- EVENT: DELETE
DATE: 2023-12-01T11:25:01 -- USER:  -- FILE:simulatedDir/possibleCovert/need -- EVENT: DELETE
DATE: 2023-12-01T11:25:01 -- USER:  -- FILE:simulatedDir/possibleCovert/send -- EVENT: DELETE
DATE: 2023-12-01T11:25:01 -- USER:  -- FILE:simulatedDir/possibleCovert/send -- EVENT: DELETE
DATE: 2023-12-01T11:25:02 -- USER:  -- FILE:simulatedDir/possibleCovert/to -- EVENT: CREATE
DATE: 2023-12-01T11:25:02 -- USER:  -- FILE:simulatedDir/possibleCovert/to -- EVENT: CREATE
DATE: 2023-12-01T11:25:02 -- USER:  -- FILE:simulatedDir/possibleCovert/send -- EVENT: CREATE
DATE: 2023-12-01T11:25:02 -- USER:  -- FILE:simulatedDir/possibleCovert/send -- EVENT: CREATE
DATE: 2023-12-01T11:25:02 -- USER:  -- FILE:simulatedDir/possibleCovert/to -- EVENT: DELETE
DATE: 2023-12-01T11:25:02 -- USER:  -- FILE:simulatedDir/possibleCovert/to -- EVENT: DELETE
DATE: 2023-12-01T11:25:02 -- USER:  -- FILE:simulatedDir/possibleCovert/send -- EVENT: DELETE
DATE: 2023-12-01T11:25:02 -- USER:  -- FILE:simulatedDir/possibleCovert/send -- EVENT: DELETE
DATE: 2023-12-01T11:25:03 -- USER:  -- FILE:simulatedDir/possibleCovert/tell -- EVENT: CREATE
DATE: 2023-12-01T11:25:03 -- USER:  -- FILE:simulatedDir/possibleCovert/tell -- EVENT: CREATE
DATE: 2023-12-01T11:25:03 -- USER:  -- FILE:simulatedDir/possibleCovert/send -- EVENT: CREATE
DATE: 2023-12-01T11:25:03 -- USER:  -- FILE:simulatedDir/possibleCovert/send -- EVENT: CREATE
DATE: 2023-12-01T11:25:03 -- USER:  -- FILE:simulatedDir/possibleCovert/tell -- EVENT: DELETE
DATE: 2023-12-01T11:25:03 -- USER:  -- FILE:simulatedDir/possibleCovert/tell -- EVENT: DELETE
DATE: 2023-12-01T11:25:03 -- USER:  -- FILE:simulatedDir/possibleCovert/send -- EVENT: DELETE
DATE: 2023-12-01T11:25:03 -- USER:  -- FILE:simulatedDir/possibleCovert/send -- EVENT: DELETE
DATE: 2023-12-01T11:25:04 -- USER:  -- FILE:simulatedDir/possibleCovert/you -- EVENT: CREATE
DATE: 2023-12-01T11:25:04 -- USER:  -- FILE:simulatedDir/possibleCovert/you -- EVENT: CREATE
DATE: 2023-12-01T11:25:04 -- USER:  -- FILE:simulatedDir/possibleCovert/send -- EVENT: CREATE
DATE: 2023-12-01T11:25:04 -- USER:  -- FILE:simulatedDir/possibleCovert/send -- EVENT: CREATE
DATE: 2023-12-01T11:25:04 -- USER:  -- FILE:simulatedDir/possibleCovert/you -- EVENT: DELETE
DATE: 2023-12-01T11:25:04 -- USER:  -- FILE:simulatedDir/possibleCovert/you -- EVENT: DELETE
DATE: 2023-12-01T11:25:04 -- USER:  -- FILE:simulatedDir/possibleCovert/send -- EVENT: DELETE
DATE: 2023-12-01T11:25:04 -- USER:  -- FILE:simulatedDir/possibleCovert/send -- EVENT: DELETE
DATE: 2023-12-01T11:25:05 -- USER:  -- FILE:simulatedDir/possibleCovert/about -- EVENT: CREATE
DATE: 2023-12-01T11:25:05 -- USER:  -- FILE:simulatedDir/possibleCovert/about -- EVENT: CREATE
DATE: 2023-12-01T11:25:05 -- USER:  -- FILE:simulatedDir/possibleCovert/send -- EVENT: CREATE
DATE: 2023-12-01T11:25:05 -- USER:  -- FILE:simulatedDir/possibleCovert/send -- EVENT: CREATE
DATE: 2023-12-01T11:25:05 -- USER:  -- FILE:simulatedDir/possibleCovert/about -- EVENT: DELETE
DATE: 2023-12-01T11:25:05 -- USER:  -- FILE:simulatedDir/possibleCovert/about -- EVENT: DELETE
DATE: 2023-12-01T11:25:05 -- USER:  -- FILE:simulatedDir/possibleCovert/send -- EVENT: DELETE
DATE: 2023-12-01T11:25:05 -- USER:  -- FILE:simulatedDir/possibleCovert/send -- EVENT: DELETE
DATE: 2023-12-01T11:25:06 -- USER:  -- FILE:simulatedDir/possibleCovert/all -- EVENT: CREATE
DATE: 2023-12-01T11:25:06 -- USER:  -- FILE:simulatedDir/possibleCovert/all -- EVENT: CREATE
DATE: 2023-12-01T11:25:06 -- USER:  -- FILE:simulatedDir/possibleCovert/send -- EVENT: CREATE
DATE: 2023-12-01T11:25:06 -- USER:  -- FILE:simulatedDir/possibleCovert/send -- EVENT: CREATE
DATE: 2023-12-01T11:25:06 -- USER:  -- FILE:simulatedDir/possibleCovert/all -- EVENT: DELETE
DATE: 2023-12-01T11:25:06 -- USER:  -- FILE:simulatedDir/possibleCovert/all -- EVENT: DELETE
DATE: 2023-12-01T11:25:06 -- USER:  -- FILE:simulatedDir/possibleCovert/send -- EVENT: DELETE
DATE: 2023-12-01T11:25:06 -- USER:  -- FILE:simulatedDir/possibleCovert/send -- EVENT: DELETE
DATE: 2023-12-01T11:25:07 -- USER:  -- FILE:simulatedDir/possibleCovert/of -- EVENT: CREATE
DATE: 2023-12-01T11:25:07 -- USER:  -- FILE:simulatedDir/possibleCovert/of -- EVENT: CREATE
DATE: 2023-12-01T11:25:07 -- USER:  -- FILE:simulatedDir/possibleCovert/send -- EVENT: CREATE
DATE: 2023-12-01T11:25:07 -- USER:  -- FILE:simulatedDir/possibleCovert/send -- EVENT: CREATE
DATE: 2023-12-01T11:25:07 -- USER:  -- FILE:simulatedDir/possibleCovert/of -- EVENT: DELETE
DATE: 2023-12-01T11:25:07 -- USER:  -- FILE:simulatedDir/possibleCovert/of -- EVENT: DELETE
DATE: 2023-12-01T11:25:07 -- USER:  -- FILE:simulatedDir/possibleCovert/send -- EVENT: DELETE
DATE: 2023-12-01T11:25:07 -- USER:  -- FILE:simulatedDir/possibleCovert/send -- EVENT: DELETE
DATE: 2023-12-01T11:25:08 -- USER:  -- FILE:simulatedDir/possibleCovert/these -- EVENT: CREATE
DATE: 2023-12-01T11:25:08 -- USER:  -- FILE:simulatedDir/possibleCovert/these -- EVENT: CREATE
DATE: 2023-12-01T11:25:08 -- USER:  -- FILE:simulatedDir/possibleCovert/send -- EVENT: CREATE
DATE: 2023-12-01T11:25:08 -- USER:  -- FILE:simulatedDir/possibleCovert/send -- EVENT: CREATE
DATE: 2023-12-01T11:25:08 -- USER:  -- FILE:simulatedDir/possibleCovert/these -- EVENT: DELETE
DATE: 2023-12-01T11:25:08 -- USER:  -- FILE:simulatedDir/possibleCovert/these -- EVENT: DELETE
DATE: 2023-12-01T11:25:08 -- USER:  -- FILE:simulatedDir/possibleCovert/send -- EVENT: DELETE
DATE: 2023-12-01T11:25:08 -- USER:  -- FILE:simulatedDir/possibleCovert/send -- EVENT: DELETE
DATE: 2023-12-01T11:25:09 -- USER:  -- FILE:simulatedDir/possibleCovert/top -- EVENT: CREATE
DATE: 2023-12-01T11:25:09 -- USER:  -- FILE:simulatedDir/possibleCovert/top -- EVENT: CREATE
DATE: 2023-12-01T11:25:09 -- USER:  -- FILE:simulatedDir/possibleCovert/send -- EVENT: CREATE
DATE: 2023-12-01T11:25:09 -- USER:  -- FILE:simulatedDir/possibleCovert/send -- EVENT: CREATE
DATE: 2023-12-01T11:25:09 -- USER:  -- FILE:simulatedDir/possibleCovert/top -- EVENT: DELETE
DATE: 2023-12-01T11:25:09 -- USER:  -- FILE:simulatedDir/possibleCovert/top -- EVENT: DELETE
DATE: 2023-12-01T11:25:09 -- USER:  -- FILE:simulatedDir/possibleCovert/send -- EVENT: DELETE
DATE: 2023-12-01T11:25:09 -- USER:  -- FILE:simulatedDir/possibleCovert/send -- EVENT: DELETE
DATE: 2023-12-01T11:25:10 -- USER:  -- FILE:simulatedDir/possibleCovert/secret -- EVENT: CREATE
DATE: 2023-12-01T11:25:10 -- USER:  -- FILE:simulatedDir/possibleCovert/secret -- EVENT: CREATE
DATE: 2023-12-01T11:25:10 -- USER:  -- FILE:simulatedDir/possibleCovert/send -- EVENT: CREATE
DATE: 2023-12-01T11:25:10 -- USER:  -- FILE:simulatedDir/possibleCovert/send -- EVENT: CREATE
DATE: 2023-12-01T11:25:10 -- USER:  -- FILE:simulatedDir/possibleCovert/secret -- EVENT: DELETE
DATE: 2023-12-01T11:25:10 -- USER:  -- FILE:simulatedDir/possibleCovert/secret -- EVENT: DELETE
DATE: 2023-12-01T11:25:10 -- USER:  -- FILE:simulatedDir/possibleCovert/send -- EVENT: DELETE
DATE: 2023-12-01T11:25:10 -- USER:  -- FILE:simulatedDir/possibleCovert/send -- EVENT: DELETE
DATE: 2023-12-01T11:25:11 -- USER:  -- FILE:simulatedDir/possibleCovert/things -- EVENT: CREATE
DATE: 2023-12-01T11:25:11 -- USER:  -- FILE:simulatedDir/possibleCovert/things -- EVENT: CREATE
DATE: 2023-12-01T11:25:11 -- USER:  -- FILE:simulatedDir/possibleCovert/send -- EVENT: CREATE
DATE: 2023-12-01T11:25:11 -- USER:  -- FILE:simulatedDir/possibleCovert/send -- EVENT: CREATE
DATE: 2023-12-01T11:25:11 -- USER:  -- FILE:simulatedDir/possibleCovert/things -- EVENT: DELETE
DATE: 2023-12-01T11:25:11 -- USER:  -- FILE:simulatedDir/possibleCovert/things -- EVENT: DELETE
DATE: 2023-12-01T11:25:11 -- USER:  -- FILE:simulatedDir/possibleCovert/send -- EVENT: DELETE
DATE: 2023-12-01T11:25:11 -- USER:  -- FILE:simulatedDir/possibleCovert/send -- EVENT: DELETE
DATE: 2023-12-01T11:25:12 -- USER:  -- FILE:simulatedDir/possibleCovert/im -- EVENT: CREATE
DATE: 2023-12-01T11:25:12 -- USER:  -- FILE:simulatedDir/possibleCovert/im -- EVENT: CREATE
DATE: 2023-12-01T11:25:12 -- USER:  -- FILE:simulatedDir/possibleCovert/send -- EVENT: CREATE
DATE: 2023-12-01T11:25:12 -- USER:  -- FILE:simulatedDir/possibleCovert/send -- EVENT: CREATE
DATE: 2023-12-01T11:25:12 -- USER:  -- FILE:simulatedDir/possibleCovert/im -- EVENT: DELETE
DATE: 2023-12-01T11:25:12 -- USER:  -- FILE:simulatedDir/possibleCovert/im -- EVENT: DELETE
DATE: 2023-12-01T11:25:12 -- USER:  -- FILE:simulatedDir/possibleCovert/send -- EVENT: DELETE
DATE: 2023-12-01T11:25:12 -- USER:  -- FILE:simulatedDir/possibleCovert/send -- EVENT: DELETE
DATE: 2023-12-01T11:25:13 -- USER:  -- FILE:simulatedDir/possibleCovert/doing -- EVENT: CREATE
DATE: 2023-12-01T11:25:13 -- USER:  -- FILE:simulatedDir/possibleCovert/doing -- EVENT: CREATE
DATE: 2023-12-01T11:25:13 -- USER:  -- FILE:simulatedDir/possibleCovert/send -- EVENT: CREATE
DATE: 2023-12-01T11:25:13 -- USER:  -- FILE:simulatedDir/possibleCovert/send -- EVENT: CREATE
DATE: 2023-12-01T11:25:13 -- USER:  -- FILE:simulatedDir/possibleCovert/doing -- EVENT: DELETE
DATE: 2023-12-01T11:25:13 -- USER:  -- FILE:simulatedDir/possibleCovert/doing -- EVENT: DELETE
DATE: 2023-12-01T11:25:13 -- USER:  -- FILE:simulatedDir/possibleCovert/send -- EVENT: DELETE
DATE: 2023-12-01T11:25:13 -- USER:  -- FILE:simulatedDir/possibleCovert/send -- EVENT: DELETE
DATE: 2023-12-01T11:25:14 -- USER:  -- FILE:simulatedDir/possibleCovert/through -- EVENT: CREATE
DATE: 2023-12-01T11:25:14 -- USER:  -- FILE:simulatedDir/possibleCovert/through -- EVENT: CREATE
DATE: 2023-12-01T11:25:14 -- USER:  -- FILE:simulatedDir/possibleCovert/send -- EVENT: CREATE
DATE: 2023-12-01T11:25:14 -- USER:  -- FILE:simulatedDir/possibleCovert/send -- EVENT: CREATE
DATE: 2023-12-01T11:25:14 -- USER:  -- FILE:simulatedDir/possibleCovert/through -- EVENT: DELETE
DATE: 2023-12-01T11:25:14 -- USER:  -- FILE:simulatedDir/possibleCovert/through -- EVENT: DELETE
DATE: 2023-12-01T11:25:14 -- USER:  -- FILE:simulatedDir/possibleCovert/send -- EVENT: DELETE
DATE: 2023-12-01T11:25:14 -- USER:  -- FILE:simulatedDir/possibleCovert/send -- EVENT: DELETE
DATE: 2023-12-01T11:25:15 -- USER:  -- FILE:simulatedDir/possibleCovert/this -- EVENT: CREATE
DATE: 2023-12-01T11:25:15 -- USER:  -- FILE:simulatedDir/possibleCovert/this -- EVENT: CREATE
DATE: 2023-12-01T11:25:15 -- USER:  -- FILE:simulatedDir/possibleCovert/send -- EVENT: CREATE
DATE: 2023-12-01T11:25:15 -- USER:  -- FILE:simulatedDir/possibleCovert/send -- EVENT: CREATE
DATE: 2023-12-01T11:25:15 -- USER:  -- FILE:simulatedDir/possibleCovert/this -- EVENT: DELETE
DATE: 2023-12-01T11:25:15 -- USER:  -- FILE:simulatedDir/possibleCovert/this -- EVENT: DELETE
DATE: 2023-12-01T11:25:15 -- USER:  -- FILE:simulatedDir/possibleCovert/send -- EVENT: DELETE
DATE: 2023-12-01T11:25:15 -- USER:  -- FILE:simulatedDir/possibleCovert/send -- EVENT: DELETE
DATE: 2023-12-01T11:25:16 -- USER:  -- FILE:simulatedDir/possibleCovert/covert -- EVENT: CREATE
DATE: 2023-12-01T11:25:16 -- USER:  -- FILE:simulatedDir/possibleCovert/covert -- EVENT: CREATE
DATE: 2023-12-01T11:25:16 -- USER:  -- FILE:simulatedDir/possibleCovert/send -- EVENT: CREATE
DATE: 2023-12-01T11:25:16 -- USER:  -- FILE:simulatedDir/possibleCovert/send -- EVENT: CREATE
DATE: 2023-12-01T11:25:16 -- USER:  -- FILE:simulatedDir/possibleCovert/covert -- EVENT: DELETE
DATE: 2023-12-01T11:25:16 -- USER:  -- FILE:simulatedDir/possibleCovert/covert -- EVENT: DELETE
DATE: 2023-12-01T11:25:16 -- USER:  -- FILE:simulatedDir/possibleCovert/send -- EVENT: DELETE
DATE: 2023-12-01T11:25:16 -- USER:  -- FILE:simulatedDir/possibleCovert/send -- EVENT: DELETE
DATE: 2023-12-01T11:25:17 -- USER:  -- FILE:simulatedDir/possibleCovert/channel -- EVENT: CREATE
DATE: 2023-12-01T11:25:17 -- USER:  -- FILE:simulatedDir/possibleCovert/channel -- EVENT: CREATE
DATE: 2023-12-01T11:25:17 -- USER:  -- FILE:simulatedDir/possibleCovert/send -- EVENT: CREATE
DATE: 2023-12-01T11:25:17 -- USER:  -- FILE:simulatedDir/possibleCovert/send -- EVENT: CREATE
DATE: 2023-12-01T11:25:17 -- USER:  -- FILE:simulatedDir/possibleCovert/channel -- EVENT: DELETE
DATE: 2023-12-01T11:25:17 -- USER:  -- FILE:simulatedDir/possibleCovert/channel -- EVENT: DELETE
DATE: 2023-12-01T11:25:17 -- USER:  -- FILE:simulatedDir/possibleCovert/send -- EVENT: DELETE
DATE: 2023-12-01T11:25:17 -- USER:  -- FILE:simulatedDir/possibleCovert/send -- EVENT: DELETE
DATE: 2023-12-01T11:26:03 -- USER:  -- FILE:simulatedDir/dir1/fa9368ed-40a1-436c-8977-e35a2f6034ef.txt -- EVENT: CREATE
DATE: 2023-12-01T11:26:03 -- USER:  -- FILE:simulatedDir/dir1/fa9368ed-40a1-436c-8977-e35a2f6034ef.txt -- EVENT: CREATE
DATE: 2023-12-01T11:26:03 -- USER:  -- FILE:simulatedDir/dir1/fa9368ed-40a1-436c-8977-e35a2f6034ef.txt -- EVENT: MODIFY
DATE: 2023-12-01T11:26:03 -- USER:  -- FILE:simulatedDir/dir1/fa9368ed-40a1-436c-8977-e35a2f6034ef.txt -- EVENT: MODIFY
DATE: 2023-12-01T11:26:03 -- USER:  -- FILE:simulatedDir/logfile.txt -- EVENT: MODIFY
DATE: 2023-12-01T11:26:03 -- USER:  -- FILE:simulatedDir/logfile.txt -- EVENT: MODIFY
DATE: 2023-12-01T11:27:04 -- USER:  -- FILE:simulatedDir/dir2/bf8f9367-b9fa-4bd7-8f6e-6a489a690175.txt -- EVENT: CREATE
DATE: 2023-12-01T11:27:04 -- USER:  -- FILE:simulatedDir/dir2/bf8f9367-b9fa-4bd7-8f6e-6a489a690175.txt -- EVENT: CREATE
DATE: 2023-12-01T11:27:04 -- USER:  -- FILE:simulatedDir/dir2/bf8f9367-b9fa-4bd7-8f6e-6a489a690175.txt -- EVENT: MODIFY
DATE: 2023-12-01T11:27:04 -- USER:  -- FILE:simulatedDir/dir2/bf8f9367-b9fa-4bd7-8f6e-6a489a690175.txt -- EVENT: MODIFY
DATE: 2023-12-01T11:27:04 -- USER:  -- FILE:simulatedDir/logfile.txt -- EVENT: MODIFY
DATE: 2023-12-01T11:27:04 -- USER:  -- FILE:simulatedDir/logfile.txt -- EVENT: MODIFY
DATE: 2023-12-01T11:28:55 -- USER:  -- FILE:simulatedDir/dir2/ce832e68-30ee-4fb7-b1da-ca71133c17b7.txt -- EVENT: CREATE
DATE: 2023-12-01T11:28:55 -- USER:  -- FILE:simulatedDir/dir2/ce832e68-30ee-4fb7-b1da-ca71133c17b7.txt -- EVENT: CREATE
DATE: 2023-12-01T11:28:55 -- USER:  -- FILE:simulatedDir/dir2/ce832e68-30ee-4fb7-b1da-ca71133c17b7.txt -- EVENT: MODIFY
DATE: 2023-12-01T11:28:55 -- USER:  -- FILE:simulatedDir/dir2/ce832e68-30ee-4fb7-b1da-ca71133c17b7.txt -- EVENT: MODIFY
DATE: 2023-12-01T11:28:55 -- USER:  -- FILE:simulatedDir/logfile.txt -- EVENT: MODIFY
DATE: 2023-12-01T11:28:55 -- USER:  -- FILE:simulatedDir/logfile.txt -- EVENT: MODIFY
DATE: 2023-12-01T11:34:21 -- USER:  -- FILE:simulatedDir/dir4/1054a9ac-d1e6-47aa-815c-19b7ebad74ab.txt -- EVENT: CREATE
DATE: 2023-12-01T11:34:21 -- USER:  -- FILE:simulatedDir/dir4/1054a9ac-d1e6-47aa-815c-19b7ebad74ab.txt -- EVENT: CREATE
DATE: 2023-12-01T11:34:21 -- USER:  -- FILE:simulatedDir/dir4/1054a9ac-d1e6-47aa-815c-19b7ebad74ab.txt -- EVENT: MODIFY
DATE: 2023-12-01T11:34:21 -- USER:  -- FILE:simulatedDir/dir4/1054a9ac-d1e6-47aa-815c-19b7ebad74ab.txt -- EVENT: MODIFY
DATE: 2023-12-01T11:34:21 -- USER:  -- FILE:simulatedDir/logfile.txt -- EVENT: MODIFY
DATE: 2023-12-01T11:34:21 -- USER:  -- FILE:simulatedDir/logfile.txt -- EVENT: MODIFY
DATE: 2023-12-01T11:34:32 -- USER:  -- FILE:simulatedDir/dir2/355a77d4-d329-428c-9a25-aea69dd33d6c.txt -- EVENT: CREATE
DATE: 2023-12-01T11:34:32 -- USER:  -- FILE:simulatedDir/dir2/355a77d4-d329-428c-9a25-aea69dd33d6c.txt -- EVENT: CREATE
DATE: 2023-12-01T11:34:32 -- USER:  -- FILE:simulatedDir/dir2/355a77d4-d329-428c-9a25-aea69dd33d6c.txt -- EVENT: MODIFY
DATE: 2023-12-01T11:34:32 -- USER:  -- FILE:simulatedDir/dir2/355a77d4-d329-428c-9a25-aea69dd33d6c.txt -- EVENT: MODIFY
DATE: 2023-12-01T11:34:32 -- USER:  -- FILE:simulatedDir/logfile.txt -- EVENT: MODIFY
DATE: 2023-12-01T11:34:32 -- USER:  -- FILE:simulatedDir/logfile.txt -- EVENT: MODIFY
DATE: 2023-12-01T11:34:54 -- USER:  -- FILE:simulatedDir/dir1/573ad406-050e-4e63-9414-be4cd85841bf.txt -- EVENT: CREATE
DATE: 2023-12-01T11:34:54 -- USER:  -- FILE:simulatedDir/dir1/573ad406-050e-4e63-9414-be4cd85841bf.txt -- EVENT: CREATE
DATE: 2023-12-01T11:34:54 -- USER:  -- FILE:simulatedDir/dir1/573ad406-050e-4e63-9414-be4cd85841bf.txt -- EVENT: MODIFY
DATE: 2023-12-01T11:34:54 -- USER:  -- FILE:simulatedDir/dir1/573ad406-050e-4e63-9414-be4cd85841bf.txt -- EVENT: MODIFY
DATE: 2023-12-01T11:34:54 -- USER:  -- FILE:simulatedDir/logfile.txt -- EVENT: MODIFY
DATE: 2023-12-01T11:34:54 -- USER:  -- FILE:simulatedDir/logfile.txt -- EVENT: MODIFY
DATE: 2023-12-01T11:36:08 -- USER:  -- FILE:simulatedDir/dir2/8fc2b61a-8e8a-49a9-b081-2cd0a8c75297.txt -- EVENT: CREATE
DATE: 2023-12-01T11:36:08 -- USER:  -- FILE:simulatedDir/dir2/8fc2b61a-8e8a-49a9-b081-2cd0a8c75297.txt -- EVENT: CREATE
DATE: 2023-12-01T11:36:08 -- USER:  -- FILE:simulatedDir/dir2/8fc2b61a-8e8a-49a9-b081-2cd0a8c75297.txt -- EVENT: MODIFY
DATE: 2023-12-01T11:36:08 -- USER:  -- FILE:simulatedDir/dir2/8fc2b61a-8e8a-49a9-b081-2cd0a8c75297.txt -- EVENT: MODIFY
DATE: 2023-12-01T11:36:08 -- USER:  -- FILE:simulatedDir/logfile.txt -- EVENT: MODIFY
DATE: 2023-12-01T11:36:08 -- USER:  -- FILE:simulatedDir/logfile.txt -- EVENT: MODIFY
DATE: 2023-12-01T11:38:43 -- USER:  -- FILE:simulatedDir/dir4/e898a536-f437-4455-9c81-1cf79bd50099.txt -- EVENT: CREATE
DATE: 2023-12-01T11:38:43 -- USER:  -- FILE:simulatedDir/dir4/e898a536-f437-4455-9c81-1cf79bd50099.txt -- EVENT: CREATE
DATE: 2023-12-01T11:38:43 -- USER:  -- FILE:simulatedDir/dir4/e898a536-f437-4455-9c81-1cf79bd50099.txt -- EVENT: MODIFY
DATE: 2023-12-01T11:38:43 -- USER:  -- FILE:simulatedDir/dir4/e898a536-f437-4455-9c81-1cf79bd50099.txt -- EVENT: MODIFY
DATE: 2023-12-01T11:38:43 -- USER:  -- FILE:simulatedDir/logfile.txt -- EVENT: MODIFY
DATE: 2023-12-01T11:38:43 -- USER:  -- FILE:simulatedDir/logfile.txt -- EVENT: MODIFY
DATE: 2023-12-01T11:39:45 -- USER:  -- FILE:simulatedDir/dir1/8d765481-dc34-47e7-ac5b-053ffc4eaea4.txt -- EVENT: CREATE
DATE: 2023-12-01T11:39:45 -- USER:  -- FILE:simulatedDir/dir1/8d765481-dc34-47e7-ac5b-053ffc4eaea4.txt -- EVENT: CREATE
DATE: 2023-12-01T11:39:45 -- USER:  -- FILE:simulatedDir/dir1/8d765481-dc34-47e7-ac5b-053ffc4eaea4.txt -- EVENT: MODIFY
DATE: 2023-12-01T11:39:45 -- USER:  -- FILE:simulatedDir/dir1/8d765481-dc34-47e7-ac5b-053ffc4eaea4.txt -- EVENT: MODIFY
DATE: 2023-12-01T11:39:45 -- USER:  -- FILE:simulatedDir/logfile.txt -- EVENT: MODIFY
DATE: 2023-12-01T11:39:45 -- USER:  -- FILE:simulatedDir/logfile.txt -- EVENT: MODIFY
DATE: 2023-12-01T11:42:47 -- USER:  -- FILE:simulatedDir/dir2/89cc7278-4cb8-4d96-adbe-f8c386e7c9cd.txt -- EVENT: CREATE
DATE: 2023-12-01T11:42:47 -- USER:  -- FILE:simulatedDir/dir2/89cc7278-4cb8-4d96-adbe-f8c386e7c9cd.txt -- EVENT: CREATE
DATE: 2023-12-01T11:42:47 -- USER:  -- FILE:simulatedDir/dir2/89cc7278-4cb8-4d96-adbe-f8c386e7c9cd.txt -- EVENT: MODIFY
DATE: 2023-12-01T11:42:47 -- USER:  -- FILE:simulatedDir/dir2/89cc7278-4cb8-4d96-adbe-f8c386e7c9cd.txt -- EVENT: MODIFY
DATE: 2023-12-01T11:42:47 -- USER:  -- FILE:simulatedDir/logfile.txt -- EVENT: MODIFY
DATE: 2023-12-01T11:42:47 -- USER:  -- FILE:simulatedDir/logfile.txt -- EVENT: MODIFY
DATE: 2023-12-01T11:43:55 -- USER:  -- FILE:simulatedDir/dir3/6b9710d4-6c56-4794-9c2d-c0a2cafd5470.txt -- EVENT: CREATE
DATE: 2023-12-01T11:43:55 -- USER:  -- FILE:simulatedDir/dir3/6b9710d4-6c56-4794-9c2d-c0a2cafd5470.txt -- EVENT: CREATE
DATE: 2023-12-01T11:43:55 -- USER:  -- FILE:simulatedDir/dir3/6b9710d4-6c56-4794-9c2d-c0a2cafd5470.txt -- EVENT: MODIFY
DATE: 2023-12-01T11:43:55 -- USER:  -- FILE:simulatedDir/dir3/6b9710d4-6c56-4794-9c2d-c0a2cafd5470.txt -- EVENT: MODIFY
DATE: 2023-12-01T11:43:55 -- USER:  -- FILE:simulatedDir/logfile.txt -- EVENT: MODIFY
DATE: 2023-12-01T11:43:55 -- USER:  -- FILE:simulatedDir/logfile.txt -- EVENT: MODIFY
